{"/home/maray/Desktop/Marckdown/LIM011-fe-md-links/_mocks_/node-fetch.js": {"path":"/home/maray/Desktop/Marckdown/LIM011-fe-md-links/_mocks_/node-fetch.js","statementMap":{"0":{"start":{"line":2,"column":18},"end":{"line":2,"column":50}},"1":{"start":{"line":3,"column":18},"end":{"line":3,"column":49}},"2":{"start":{"line":5,"column":0},"end":{"line":7,"column":3}},"3":{"start":{"line":9,"column":0},"end":{"line":9,"column":36}},"4":{"start":{"line":11,"column":0},"end":{"line":13,"column":36}}},"fnMap":{},"branchMap":{},"s":{"0":1,"1":1,"2":1,"3":1,"4":1},"f":{},"b":{},"_coverageSchema":"1a1c01bbd47fc00a2c39e90264f33305004495a9","hash":"6309716d4f7834312c02b3dee67c986ae3d896cc"}
,"/home/maray/Desktop/Marckdown/LIM011-fe-md-links/src/index.js": {"path":"/home/maray/Desktop/Marckdown/LIM011-fe-md-links/src/index.js","statementMap":{"0":{"start":{"line":4,"column":4},"end":{"line":4,"column":26}},"1":{"start":{"line":6,"column":16},"end":{"line":39,"column":2}},"2":{"start":{"line":6,"column":36},"end":{"line":39,"column":2}},"3":{"start":{"line":7,"column":2},"end":{"line":38,"column":3}},"4":{"start":{"line":8,"column":4},"end":{"line":12,"column":39}},"5":{"start":{"line":10,"column":8},"end":{"line":10,"column":23}},"6":{"start":{"line":12,"column":24},"end":{"line":12,"column":37}},"7":{"start":{"line":13,"column":9},"end":{"line":38,"column":3}},"8":{"start":{"line":14,"column":4},"end":{"line":19,"column":9}},"9":{"start":{"line":16,"column":8},"end":{"line":18,"column":43}},"10":{"start":{"line":17,"column":28},"end":{"line":17,"column":43}},"11":{"start":{"line":18,"column":28},"end":{"line":18,"column":41}},"12":{"start":{"line":20,"column":9},"end":{"line":38,"column":3}},"13":{"start":{"line":21,"column":4},"end":{"line":28,"column":9}},"14":{"start":{"line":23,"column":8},"end":{"line":27,"column":43}},"15":{"start":{"line":25,"column":12},"end":{"line":25,"column":40}},"16":{"start":{"line":27,"column":28},"end":{"line":27,"column":41}},"17":{"start":{"line":30,"column":4},"end":{"line":37,"column":9}},"18":{"start":{"line":32,"column":8},"end":{"line":36,"column":43}},"19":{"start":{"line":34,"column":12},"end":{"line":34,"column":40}},"20":{"start":{"line":36,"column":28},"end":{"line":36,"column":41}},"21":{"start":{"line":41,"column":0},"end":{"line":41,"column":25}}},"fnMap":{"0":{"name":"(anonymous_0)","decl":{"start":{"line":6,"column":16},"end":{"line":6,"column":17}},"loc":{"start":{"line":6,"column":36},"end":{"line":39,"column":2}},"line":6},"1":{"name":"(anonymous_1)","decl":{"start":{"line":6,"column":48},"end":{"line":6,"column":49}},"loc":{"start":{"line":6,"column":69},"end":{"line":39,"column":1}},"line":6},"2":{"name":"(anonymous_2)","decl":{"start":{"line":9,"column":12},"end":{"line":9,"column":13}},"loc":{"start":{"line":9,"column":23},"end":{"line":11,"column":7}},"line":9},"3":{"name":"(anonymous_3)","decl":{"start":{"line":12,"column":13},"end":{"line":12,"column":14}},"loc":{"start":{"line":12,"column":24},"end":{"line":12,"column":37}},"line":12},"4":{"name":"(anonymous_4)","decl":{"start":{"line":15,"column":12},"end":{"line":15,"column":13}},"loc":{"start":{"line":15,"column":23},"end":{"line":19,"column":7}},"line":15},"5":{"name":"(anonymous_5)","decl":{"start":{"line":17,"column":16},"end":{"line":17,"column":17}},"loc":{"start":{"line":17,"column":28},"end":{"line":17,"column":43}},"line":17},"6":{"name":"(anonymous_6)","decl":{"start":{"line":18,"column":17},"end":{"line":18,"column":18}},"loc":{"start":{"line":18,"column":28},"end":{"line":18,"column":41}},"line":18},"7":{"name":"(anonymous_7)","decl":{"start":{"line":22,"column":12},"end":{"line":22,"column":13}},"loc":{"start":{"line":22,"column":23},"end":{"line":28,"column":7}},"line":22},"8":{"name":"(anonymous_8)","decl":{"start":{"line":24,"column":16},"end":{"line":24,"column":17}},"loc":{"start":{"line":24,"column":28},"end":{"line":26,"column":11}},"line":24},"9":{"name":"(anonymous_9)","decl":{"start":{"line":27,"column":17},"end":{"line":27,"column":18}},"loc":{"start":{"line":27,"column":28},"end":{"line":27,"column":41}},"line":27},"10":{"name":"(anonymous_10)","decl":{"start":{"line":31,"column":12},"end":{"line":31,"column":13}},"loc":{"start":{"line":31,"column":23},"end":{"line":37,"column":7}},"line":31},"11":{"name":"(anonymous_11)","decl":{"start":{"line":33,"column":16},"end":{"line":33,"column":17}},"loc":{"start":{"line":33,"column":28},"end":{"line":35,"column":11}},"line":33},"12":{"name":"(anonymous_12)","decl":{"start":{"line":36,"column":17},"end":{"line":36,"column":18}},"loc":{"start":{"line":36,"column":28},"end":{"line":36,"column":41}},"line":36}},"branchMap":{"0":{"loc":{"start":{"line":7,"column":2},"end":{"line":38,"column":3}},"type":"if","locations":[{"start":{"line":7,"column":2},"end":{"line":38,"column":3}},{"start":{"line":7,"column":2},"end":{"line":38,"column":3}}],"line":7},"1":{"loc":{"start":{"line":7,"column":6},"end":{"line":7,"column":59}},"type":"binary-expr","locations":[{"start":{"line":7,"column":6},"end":{"line":7,"column":32}},{"start":{"line":7,"column":36},"end":{"line":7,"column":59}}],"line":7},"2":{"loc":{"start":{"line":13,"column":9},"end":{"line":38,"column":3}},"type":"if","locations":[{"start":{"line":13,"column":9},"end":{"line":38,"column":3}},{"start":{"line":13,"column":9},"end":{"line":38,"column":3}}],"line":13},"3":{"loc":{"start":{"line":13,"column":13},"end":{"line":13,"column":65}},"type":"binary-expr","locations":[{"start":{"line":13,"column":13},"end":{"line":13,"column":38}},{"start":{"line":13,"column":42},"end":{"line":13,"column":65}}],"line":13},"4":{"loc":{"start":{"line":20,"column":9},"end":{"line":38,"column":3}},"type":"if","locations":[{"start":{"line":20,"column":9},"end":{"line":38,"column":3}},{"start":{"line":20,"column":9},"end":{"line":38,"column":3}}],"line":20},"5":{"loc":{"start":{"line":20,"column":13},"end":{"line":20,"column":65}},"type":"binary-expr","locations":[{"start":{"line":20,"column":13},"end":{"line":20,"column":39}},{"start":{"line":20,"column":43},"end":{"line":20,"column":65}}],"line":20}},"s":{"0":1,"1":1,"2":2,"3":2,"4":0,"5":0,"6":0,"7":2,"8":1,"9":1,"10":1,"11":0,"12":1,"13":0,"14":0,"15":0,"16":0,"17":1,"18":1,"19":1,"20":0,"21":1},"f":{"0":2,"1":2,"2":0,"3":0,"4":1,"5":1,"6":0,"7":0,"8":0,"9":0,"10":1,"11":1,"12":0},"b":{"0":[0,2],"1":[2,0],"2":[1,1],"3":[2,2],"4":[0,1],"5":[1,0]},"_coverageSchema":"1a1c01bbd47fc00a2c39e90264f33305004495a9","hash":"774f509d3b55c182513f6f1b6373210750cc0dc3"}
,"/home/maray/Desktop/Marckdown/LIM011-fe-md-links/src/main.js": {"path":"/home/maray/Desktop/Marckdown/LIM011-fe-md-links/src/main.js","statementMap":{"0":{"start":{"line":3,"column":13},"end":{"line":3,"column":28}},"1":{"start":{"line":4,"column":11},"end":{"line":4,"column":24}},"2":{"start":{"line":5,"column":14},"end":{"line":5,"column":35}},"3":{"start":{"line":8,"column":27},"end":{"line":8,"column":106}},"4":{"start":{"line":8,"column":42},"end":{"line":8,"column":105}},"5":{"start":{"line":10,"column":18},"end":{"line":10,"column":61}},"6":{"start":{"line":10,"column":33},"end":{"line":10,"column":60}},"7":{"start":{"line":12,"column":22},"end":{"line":12,"column":71}},"8":{"start":{"line":12,"column":36},"end":{"line":12,"column":71}},"9":{"start":{"line":14,"column":17},"end":{"line":14,"column":63}},"10":{"start":{"line":14,"column":31},"end":{"line":14,"column":63}},"11":{"start":{"line":16,"column":19},"end":{"line":16,"column":67}},"12":{"start":{"line":16,"column":33},"end":{"line":16,"column":67}},"13":{"start":{"line":18,"column":18},"end":{"line":18,"column":74}},"14":{"start":{"line":18,"column":31},"end":{"line":18,"column":73}},"15":{"start":{"line":20,"column":28},"end":{"line":29,"column":1}},"16":{"start":{"line":21,"column":18},"end":{"line":21,"column":20}},"17":{"start":{"line":22,"column":18},"end":{"line":27,"column":4}},"18":{"start":{"line":23,"column":4},"end":{"line":25,"column":78}},"19":{"start":{"line":23,"column":33},"end":{"line":23,"column":66}},"20":{"start":{"line":24,"column":9},"end":{"line":25,"column":78}},"21":{"start":{"line":24,"column":33},"end":{"line":24,"column":56}},"22":{"start":{"line":25,"column":9},"end":{"line":25,"column":78}},"23":{"start":{"line":26,"column":4},"end":{"line":26,"column":21}},"24":{"start":{"line":28,"column":2},"end":{"line":28,"column":17}},"25":{"start":{"line":31,"column":22},"end":{"line":37,"column":1}},"26":{"start":{"line":32,"column":2},"end":{"line":36,"column":5}},"27":{"start":{"line":33,"column":20},"end":{"line":33,"column":54}},"28":{"start":{"line":34,"column":4},"end":{"line":35,"column":54}},"29":{"start":{"line":34,"column":32},"end":{"line":34,"column":64}},"30":{"start":{"line":35,"column":9},"end":{"line":35,"column":54}},"31":{"start":{"line":35,"column":32},"end":{"line":35,"column":54}},"32":{"start":{"line":39,"column":19},"end":{"line":57,"column":1}},"33":{"start":{"line":40,"column":17},"end":{"line":40,"column":19}},"34":{"start":{"line":41,"column":2},"end":{"line":55,"column":5}},"35":{"start":{"line":42,"column":15},"end":{"line":42,"column":33}},"36":{"start":{"line":43,"column":4},"end":{"line":54,"column":5}},"37":{"start":{"line":44,"column":25},"end":{"line":44,"column":38}},"38":{"start":{"line":45,"column":6},"end":{"line":53,"column":7}},"39":{"start":{"line":46,"column":8},"end":{"line":52,"column":11}},"40":{"start":{"line":47,"column":10},"end":{"line":51,"column":13}},"41":{"start":{"line":56,"column":2},"end":{"line":56,"column":16}},"42":{"start":{"line":59,"column":13},"end":{"line":64,"column":2}},"43":{"start":{"line":59,"column":27},"end":{"line":64,"column":2}},"44":{"start":{"line":60,"column":16},"end":{"line":60,"column":44}},"45":{"start":{"line":61,"column":2},"end":{"line":63,"column":37}},"46":{"start":{"line":62,"column":4},"end":{"line":62,"column":33}},"47":{"start":{"line":63,"column":22},"end":{"line":63,"column":35}},"48":{"start":{"line":66,"column":22},"end":{"line":84,"column":1}},"49":{"start":{"line":67,"column":20},"end":{"line":67,"column":22}},"50":{"start":{"line":68,"column":2},"end":{"line":82,"column":5}},"51":{"start":{"line":69,"column":19},"end":{"line":71,"column":5}},"52":{"start":{"line":72,"column":4},"end":{"line":81,"column":10}},"53":{"start":{"line":74,"column":8},"end":{"line":74,"column":35}},"54":{"start":{"line":75,"column":8},"end":{"line":75,"column":89}},"55":{"start":{"line":76,"column":8},"end":{"line":76,"column":22}},"56":{"start":{"line":78,"column":8},"end":{"line":78,"column":28}},"57":{"start":{"line":79,"column":8},"end":{"line":79,"column":35}},"58":{"start":{"line":80,"column":8},"end":{"line":80,"column":22}},"59":{"start":{"line":83,"column":2},"end":{"line":83,"column":19}},"60":{"start":{"line":86,"column":19},"end":{"line":93,"column":1}},"61":{"start":{"line":87,"column":16},"end":{"line":87,"column":18}},"62":{"start":{"line":88,"column":2},"end":{"line":90,"column":5}},"63":{"start":{"line":89,"column":4},"end":{"line":89,"column":28}},"64":{"start":{"line":91,"column":2},"end":{"line":91,"column":25}},"65":{"start":{"line":92,"column":2},"end":{"line":92,"column":63}},"66":{"start":{"line":95,"column":19},"end":{"line":104,"column":1}},"67":{"start":{"line":96,"column":16},"end":{"line":96,"column":18}},"68":{"start":{"line":97,"column":20},"end":{"line":97,"column":21}},"69":{"start":{"line":98,"column":2},"end":{"line":101,"column":5}},"70":{"start":{"line":99,"column":4},"end":{"line":99,"column":28}},"71":{"start":{"line":100,"column":4},"end":{"line":100,"column":55}},"72":{"start":{"line":100,"column":38},"end":{"line":100,"column":55}},"73":{"start":{"line":102,"column":2},"end":{"line":102,"column":25}},"74":{"start":{"line":103,"column":2},"end":{"line":103,"column":88}},"75":{"start":{"line":106,"column":0},"end":{"line":117,"column":2}}},"fnMap":{"0":{"name":"(anonymous_0)","decl":{"start":{"line":8,"column":27},"end":{"line":8,"column":28}},"loc":{"start":{"line":8,"column":42},"end":{"line":8,"column":105}},"line":8},"1":{"name":"(anonymous_1)","decl":{"start":{"line":10,"column":18},"end":{"line":10,"column":19}},"loc":{"start":{"line":10,"column":33},"end":{"line":10,"column":60}},"line":10},"2":{"name":"(anonymous_2)","decl":{"start":{"line":12,"column":22},"end":{"line":12,"column":23}},"loc":{"start":{"line":12,"column":36},"end":{"line":12,"column":71}},"line":12},"3":{"name":"(anonymous_3)","decl":{"start":{"line":14,"column":17},"end":{"line":14,"column":18}},"loc":{"start":{"line":14,"column":31},"end":{"line":14,"column":63}},"line":14},"4":{"name":"(anonymous_4)","decl":{"start":{"line":16,"column":19},"end":{"line":16,"column":20}},"loc":{"start":{"line":16,"column":33},"end":{"line":16,"column":67}},"line":16},"5":{"name":"(anonymous_5)","decl":{"start":{"line":18,"column":18},"end":{"line":18,"column":19}},"loc":{"start":{"line":18,"column":31},"end":{"line":18,"column":73}},"line":18},"6":{"name":"(anonymous_6)","decl":{"start":{"line":20,"column":28},"end":{"line":20,"column":29}},"loc":{"start":{"line":20,"column":42},"end":{"line":29,"column":1}},"line":20},"7":{"name":"(anonymous_7)","decl":{"start":{"line":22,"column":30},"end":{"line":22,"column":31}},"loc":{"start":{"line":22,"column":51},"end":{"line":27,"column":3}},"line":22},"8":{"name":"(anonymous_8)","decl":{"start":{"line":31,"column":22},"end":{"line":31,"column":23}},"loc":{"start":{"line":31,"column":45},"end":{"line":37,"column":1}},"line":31},"9":{"name":"(anonymous_9)","decl":{"start":{"line":32,"column":35},"end":{"line":32,"column":36}},"loc":{"start":{"line":32,"column":48},"end":{"line":36,"column":3}},"line":32},"10":{"name":"(anonymous_10)","decl":{"start":{"line":39,"column":19},"end":{"line":39,"column":20}},"loc":{"start":{"line":39,"column":35},"end":{"line":57,"column":1}},"line":39},"11":{"name":"(anonymous_11)","decl":{"start":{"line":41,"column":21},"end":{"line":41,"column":22}},"loc":{"start":{"line":41,"column":33},"end":{"line":55,"column":3}},"line":41},"12":{"name":"(anonymous_12)","decl":{"start":{"line":46,"column":27},"end":{"line":46,"column":28}},"loc":{"start":{"line":46,"column":39},"end":{"line":52,"column":9}},"line":46},"13":{"name":"(anonymous_13)","decl":{"start":{"line":59,"column":13},"end":{"line":59,"column":14}},"loc":{"start":{"line":59,"column":27},"end":{"line":64,"column":2}},"line":59},"14":{"name":"(anonymous_14)","decl":{"start":{"line":59,"column":39},"end":{"line":59,"column":40}},"loc":{"start":{"line":59,"column":60},"end":{"line":64,"column":1}},"line":59},"15":{"name":"(anonymous_15)","decl":{"start":{"line":61,"column":34},"end":{"line":61,"column":35}},"loc":{"start":{"line":61,"column":47},"end":{"line":63,"column":3}},"line":61},"16":{"name":"(anonymous_16)","decl":{"start":{"line":63,"column":11},"end":{"line":63,"column":12}},"loc":{"start":{"line":63,"column":22},"end":{"line":63,"column":35}},"line":63},"17":{"name":"(anonymous_17)","decl":{"start":{"line":66,"column":22},"end":{"line":66,"column":23}},"loc":{"start":{"line":66,"column":38},"end":{"line":84,"column":1}},"line":66},"18":{"name":"(anonymous_18)","decl":{"start":{"line":68,"column":21},"end":{"line":68,"column":22}},"loc":{"start":{"line":68,"column":33},"end":{"line":82,"column":3}},"line":68},"19":{"name":"(anonymous_19)","decl":{"start":{"line":73,"column":12},"end":{"line":73,"column":13}},"loc":{"start":{"line":73,"column":21},"end":{"line":77,"column":7}},"line":73},"20":{"name":"(anonymous_20)","decl":{"start":{"line":77,"column":15},"end":{"line":77,"column":16}},"loc":{"start":{"line":77,"column":26},"end":{"line":81,"column":7}},"line":77},"21":{"name":"(anonymous_21)","decl":{"start":{"line":86,"column":19},"end":{"line":86,"column":20}},"loc":{"start":{"line":86,"column":35},"end":{"line":93,"column":1}},"line":86},"22":{"name":"(anonymous_22)","decl":{"start":{"line":88,"column":21},"end":{"line":88,"column":22}},"loc":{"start":{"line":88,"column":33},"end":{"line":90,"column":3}},"line":88},"23":{"name":"(anonymous_23)","decl":{"start":{"line":95,"column":19},"end":{"line":95,"column":20}},"loc":{"start":{"line":95,"column":35},"end":{"line":104,"column":1}},"line":95},"24":{"name":"(anonymous_24)","decl":{"start":{"line":98,"column":21},"end":{"line":98,"column":22}},"loc":{"start":{"line":98,"column":33},"end":{"line":101,"column":3}},"line":98}},"branchMap":{"0":{"loc":{"start":{"line":8,"column":42},"end":{"line":8,"column":105}},"type":"cond-expr","locations":[{"start":{"line":8,"column":72},"end":{"line":8,"column":80}},{"start":{"line":8,"column":83},"end":{"line":8,"column":105}}],"line":8},"1":{"loc":{"start":{"line":23,"column":4},"end":{"line":25,"column":78}},"type":"if","locations":[{"start":{"line":23,"column":4},"end":{"line":25,"column":78}},{"start":{"line":23,"column":4},"end":{"line":25,"column":78}}],"line":23},"2":{"loc":{"start":{"line":24,"column":9},"end":{"line":25,"column":78}},"type":"if","locations":[{"start":{"line":24,"column":9},"end":{"line":25,"column":78}},{"start":{"line":24,"column":9},"end":{"line":25,"column":78}}],"line":24},"3":{"loc":{"start":{"line":34,"column":4},"end":{"line":35,"column":54}},"type":"if","locations":[{"start":{"line":34,"column":4},"end":{"line":35,"column":54}},{"start":{"line":34,"column":4},"end":{"line":35,"column":54}}],"line":34},"4":{"loc":{"start":{"line":35,"column":9},"end":{"line":35,"column":54}},"type":"if","locations":[{"start":{"line":35,"column":9},"end":{"line":35,"column":54}},{"start":{"line":35,"column":9},"end":{"line":35,"column":54}}],"line":35},"5":{"loc":{"start":{"line":43,"column":4},"end":{"line":54,"column":5}},"type":"if","locations":[{"start":{"line":43,"column":4},"end":{"line":54,"column":5}},{"start":{"line":43,"column":4},"end":{"line":54,"column":5}}],"line":43},"6":{"loc":{"start":{"line":45,"column":6},"end":{"line":53,"column":7}},"type":"if","locations":[{"start":{"line":45,"column":6},"end":{"line":53,"column":7}},{"start":{"line":45,"column":6},"end":{"line":53,"column":7}}],"line":45},"7":{"loc":{"start":{"line":75,"column":28},"end":{"line":75,"column":88}},"type":"cond-expr","locations":[{"start":{"line":75,"column":75},"end":{"line":75,"column":79}},{"start":{"line":75,"column":82},"end":{"line":75,"column":88}}],"line":75},"8":{"loc":{"start":{"line":75,"column":29},"end":{"line":75,"column":71}},"type":"binary-expr","locations":[{"start":{"line":75,"column":30},"end":{"line":75,"column":47}},{"start":{"line":75,"column":53},"end":{"line":75,"column":70}}],"line":75},"9":{"loc":{"start":{"line":100,"column":4},"end":{"line":100,"column":55}},"type":"if","locations":[{"start":{"line":100,"column":4},"end":{"line":100,"column":55}},{"start":{"line":100,"column":4},"end":{"line":100,"column":55}}],"line":100}},"s":{"0":1,"1":1,"2":1,"3":1,"4":3,"5":1,"6":1,"7":1,"8":13,"9":1,"10":7,"11":1,"12":3,"13":1,"14":3,"15":1,"16":3,"17":3,"18":3,"19":3,"20":0,"21":0,"22":0,"23":3,"24":3,"25":1,"26":6,"27":9,"28":9,"29":3,"30":6,"31":3,"32":1,"33":3,"34":3,"35":3,"36":3,"37":3,"38":3,"39":3,"40":6,"41":3,"42":1,"43":2,"44":2,"45":2,"46":2,"47":0,"48":1,"49":2,"50":2,"51":4,"52":4,"53":4,"54":4,"55":4,"56":0,"57":0,"58":0,"59":2,"60":1,"61":0,"62":0,"63":0,"64":0,"65":0,"66":1,"67":1,"68":1,"69":1,"70":2,"71":2,"72":1,"73":1,"74":1,"75":1},"f":{"0":3,"1":1,"2":13,"3":7,"4":3,"5":3,"6":3,"7":3,"8":6,"9":9,"10":3,"11":3,"12":6,"13":2,"14":2,"15":2,"16":0,"17":2,"18":4,"19":4,"20":0,"21":0,"22":0,"23":1,"24":2},"b":{"0":[2,1],"1":[3,0],"2":[0,0],"3":[3,6],"4":[3,3],"5":[3,0],"6":[3,0],"7":[2,2],"8":[4,4],"9":[1,1]},"_coverageSchema":"1a1c01bbd47fc00a2c39e90264f33305004495a9","hash":"0ad969e55d3a1e0438c2b26eaae210f3e5ae51d7"}
}
