TN:
SF:_mocks_/node-fetch.js
FNF:0
FNH:0
DA:2,1
DA:3,1
DA:5,1
DA:9,1
DA:11,1
LF:5
LH:5
BRF:0
BRH:0
end_of_record
TN:
SF:src/index.js
FN:6,(anonymous_0)
FN:6,(anonymous_1)
FN:9,(anonymous_2)
FN:12,(anonymous_3)
FN:15,(anonymous_4)
FN:17,(anonymous_5)
FN:18,(anonymous_6)
FN:22,(anonymous_7)
FN:24,(anonymous_8)
FN:27,(anonymous_9)
FN:31,(anonymous_10)
FN:33,(anonymous_11)
FN:36,(anonymous_12)
FNF:13
FNH:6
FNDA:2,(anonymous_0)
FNDA:2,(anonymous_1)
FNDA:0,(anonymous_2)
FNDA:0,(anonymous_3)
FNDA:1,(anonymous_4)
FNDA:1,(anonymous_5)
FNDA:0,(anonymous_6)
FNDA:0,(anonymous_7)
FNDA:0,(anonymous_8)
FNDA:0,(anonymous_9)
FNDA:1,(anonymous_10)
FNDA:1,(anonymous_11)
FNDA:0,(anonymous_12)
DA:4,1
DA:6,2
DA:7,2
DA:8,0
DA:10,0
DA:12,0
DA:13,2
DA:14,1
DA:16,1
DA:17,1
DA:18,0
DA:20,1
DA:21,0
DA:23,0
DA:25,0
DA:27,0
DA:30,1
DA:32,1
DA:34,1
DA:36,0
DA:41,1
LF:21
LH:12
BRDA:7,0,0,0
BRDA:7,0,1,2
BRDA:7,1,0,2
BRDA:7,1,1,0
BRDA:13,2,0,1
BRDA:13,2,1,1
BRDA:13,3,0,2
BRDA:13,3,1,2
BRDA:20,4,0,0
BRDA:20,4,1,1
BRDA:20,5,0,1
BRDA:20,5,1,0
BRF:12
BRH:8
end_of_record
TN:
SF:src/main.js
FN:8,(anonymous_0)
FN:10,(anonymous_1)
FN:12,(anonymous_2)
FN:14,(anonymous_3)
FN:16,(anonymous_4)
FN:18,(anonymous_5)
FN:20,(anonymous_6)
FN:22,(anonymous_7)
FN:31,(anonymous_8)
FN:32,(anonymous_9)
FN:39,(anonymous_10)
FN:41,(anonymous_11)
FN:46,(anonymous_12)
FN:59,(anonymous_13)
FN:59,(anonymous_14)
FN:61,(anonymous_15)
FN:63,(anonymous_16)
FN:66,(anonymous_17)
FN:68,(anonymous_18)
FN:73,(anonymous_19)
FN:77,(anonymous_20)
FN:86,(anonymous_21)
FN:88,(anonymous_22)
FN:95,(anonymous_23)
FN:98,(anonymous_24)
FNF:25
FNH:21
FNDA:3,(anonymous_0)
FNDA:1,(anonymous_1)
FNDA:13,(anonymous_2)
FNDA:7,(anonymous_3)
FNDA:3,(anonymous_4)
FNDA:3,(anonymous_5)
FNDA:3,(anonymous_6)
FNDA:3,(anonymous_7)
FNDA:6,(anonymous_8)
FNDA:9,(anonymous_9)
FNDA:3,(anonymous_10)
FNDA:3,(anonymous_11)
FNDA:6,(anonymous_12)
FNDA:2,(anonymous_13)
FNDA:2,(anonymous_14)
FNDA:2,(anonymous_15)
FNDA:0,(anonymous_16)
FNDA:2,(anonymous_17)
FNDA:4,(anonymous_18)
FNDA:4,(anonymous_19)
FNDA:0,(anonymous_20)
FNDA:0,(anonymous_21)
FNDA:0,(anonymous_22)
FNDA:1,(anonymous_23)
FNDA:2,(anonymous_24)
DA:3,1
DA:4,1
DA:5,1
DA:8,3
DA:10,1
DA:12,13
DA:14,7
DA:16,3
DA:18,3
DA:20,1
DA:21,3
DA:22,3
DA:23,3
DA:24,0
DA:25,0
DA:26,3
DA:28,3
DA:31,1
DA:32,6
DA:33,9
DA:34,9
DA:35,6
DA:39,1
DA:40,3
DA:41,3
DA:42,3
DA:43,3
DA:44,3
DA:45,3
DA:46,3
DA:47,6
DA:56,3
DA:59,2
DA:60,2
DA:61,2
DA:62,2
DA:63,0
DA:66,1
DA:67,2
DA:68,2
DA:69,4
DA:72,4
DA:74,4
DA:75,4
DA:76,4
DA:78,0
DA:79,0
DA:80,0
DA:83,2
DA:86,1
DA:87,0
DA:88,0
DA:89,0
DA:91,0
DA:92,0
DA:95,1
DA:96,1
DA:97,1
DA:98,1
DA:99,2
DA:100,2
DA:102,1
DA:103,1
DA:106,1
LF:64
LH:53
BRDA:8,0,0,2
BRDA:8,0,1,1
BRDA:23,1,0,3
BRDA:23,1,1,0
BRDA:24,2,0,0
BRDA:24,2,1,0
BRDA:34,3,0,3
BRDA:34,3,1,6
BRDA:35,4,0,3
BRDA:35,4,1,3
BRDA:43,5,0,3
BRDA:43,5,1,0
BRDA:45,6,0,3
BRDA:45,6,1,0
BRDA:75,7,0,2
BRDA:75,7,1,2
BRDA:75,8,0,4
BRDA:75,8,1,4
BRDA:100,9,0,1
BRDA:100,9,1,1
BRF:20
BRH:15
end_of_record
